<?xml version="1.0" encoding="UTF-8"?>
<testsuite name="IntroLabTest" tests="2" skipped="0" failures="0" errors="0" timestamp="2023-05-18T23:47:53" hostname="RON" time="0.021">
  <properties/>
  <testcase name="testTutorRon" classname="IntroLabTest" time="0.02"/>
  <testcase name="testExampleStudent" classname="IntroLabTest" time="0.001"/>
  <system-out><![CDATA[]]></system-out>
  <system-err><![CDATA[]]></system-err>
</testsuite>
