<?xml version="1.0" encoding="UTF-8"?>
<testsuite name="IntroLabTest" tests="1" skipped="0" failures="0" errors="0" timestamp="2023-05-18T23:54:11" hostname="Lulus-MacBook-Air-2.local" time="0.014">
  <properties/>
  <testcase name="testExampleStudent" classname="IntroLabTest" time="0.014"/>
  <system-out><![CDATA[]]></system-out>
  <system-err><![CDATA[]]></system-err>
</testsuite>
